<?xml version="1.0" encoding="UTF-8"?>
<!-- Generated by org.testng.reporters.JUnitReportReporter -->
<testsuite skipped="0" hostname="DESKTOP-G097PNA" name="restAssuredAutomation.Movie_GET_ID" tests="1" failures="0" timestamp="14 Kas 2019 17:50:54 GMT" time="0.809" errors="0">
  <testcase name="GetMovieID" time="0.809" classname="restAssuredAutomation.Movie_GET_ID"/>
</testsuite> <!-- restAssuredAutomation.Movie_GET_ID -->
