<?xml version="1.0" encoding="UTF-8"?>
<!-- Generated by org.testng.reporters.JUnitReportReporter -->
<testsuite skipped="0" hostname="DESKTOP-G097PNA" name="Movie_GET_Request" tests="1" failures="0" timestamp="14 Kas 2019 10:27:52 GMT" time="2.245" errors="0">
  <testcase name="getMovieDetails" time="2.245" classname="Movie_GET_Request"/>
</testsuite> <!-- Movie_GET_Request -->
