<?xml version="1.0" encoding="UTF-8"?>
<!-- Generated by org.testng.reporters.JUnitReportReporter -->
<testsuite skipped="0" hostname="DESKTOP-G097PNA" name="ertugrul.RestAssuredAutomation.Movie_ValidateResponseBody" tests="1" failures="0" timestamp="14 Kas 2019 13:47:12 GMT" time="3.101" errors="0">
  <testcase name="GetMovieDetails" time="3.101" classname="ertugrul.RestAssuredAutomation.Movie_ValidateResponseBody"/>
</testsuite> <!-- ertugrul.RestAssuredAutomation.Movie_ValidateResponseBody -->
