<?xml version="1.0" encoding="UTF-8"?>
<!-- Generated by org.testng.reporters.JUnitReportReporter -->
<testsuite skipped="0" hostname="DESKTOP-G097PNA" name="ertugrul.RestAssuredAutomation.Movie_GET_Request" tests="1" failures="0" timestamp="14 Kas 2019 13:48:16 GMT" time="1.498" errors="0">
  <testcase name="getMovieDetails" time="1.498" classname="ertugrul.RestAssuredAutomation.Movie_GET_Request"/>
</testsuite> <!-- ertugrul.RestAssuredAutomation.Movie_GET_Request -->
