<?xml version="1.0" encoding="UTF-8"?>
<!-- Generated by org.testng.reporters.JUnitReportReporter -->
<testsuite skipped="0" hostname="DESKTOP-G097PNA" name="ertugrul.RestAssuredAutomation.Movie_GET_ID" tests="1" failures="0" timestamp="14 Kas 2019 14:28:07 GMT" time="4.293" errors="0">
  <testcase name="GetMovieDetails" time="4.293" classname="ertugrul.RestAssuredAutomation.Movie_GET_ID"/>
</testsuite> <!-- ertugrul.RestAssuredAutomation.Movie_GET_ID -->
