<?xml version="1.0" encoding="UTF-8"?>
<!-- Generated by org.testng.reporters.JUnitReportReporter -->
<testsuite skipped="0" hostname="DESKTOP-G097PNA" name="TC001_GET_Request" tests="1" failures="0" timestamp="14 Kas 2019 08:36:15 GMT" time="1.659" errors="0">
  <testcase name="getMovieDetails" time="1.659" classname="TC001_GET_Request"/>
</testsuite> <!-- TC001_GET_Request -->
