<?xml version="1.0" encoding="UTF-8"?>
<!-- Generated by org.testng.reporters.JUnitReportReporter -->
<testsuite skipped="0" hostname="DESKTOP-G097PNA" name="restAssuredAutomation.Movie_GET_Request" tests="1" failures="0" timestamp="14 Kas 2019 17:50:54 GMT" time="1.725" errors="0">
  <testcase name="getCheckServerStatus" time="1.725" classname="restAssuredAutomation.Movie_GET_Request"/>
</testsuite> <!-- restAssuredAutomation.Movie_GET_Request -->
